<!DOCTYPE html PUBLIC "-//W3C//DTD XHTML 1.0 Transitional//EN" "http://www.w3.org/TR/xhtml1/DTD/xhtml1-transitional.dtd">
<!-- Generated by Apache Maven Doxia Site Renderer 1.8.1 from org.apache.maven.plugins:maven-surefire-report-plugin:2.22.2:report at 2019-06-28 -->
<html xmlns="http://www.w3.org/1999/xhtml" xml:lang="en" lang="en">
  <head>
    <meta http-equiv="Content-Type" content="text/html; charset=UTF-8" />
    <title>hw33 &#x2013; Surefire Report</title>
    <style type="text/css" media="all">
      @import url("./css/maven-base.css");
      @import url("./css/maven-theme.css");
      @import url("./css/site.css");
    </style>
    <link rel="stylesheet" href="./css/print.css" type="text/css" media="print" />
    <meta http-equiv="Content-Language" content="en" />
    
  </head>
  <body class="composite">
    <div id="banner">
<div id="bannerLeft">
hw33
</div>
      <div class="clear">
        <hr/>
      </div>
    </div>
    <div id="breadcrumbs">
      <div class="xleft">
        <span id="publishDate">Last Published: 2019-06-28</span>
          &nbsp;| <span id="projectVersion">Version: 1.0</span>
      </div>
      <div class="xright"><a href="./" title="hw33">hw33</a>      </div>
      <div class="clear">
        <hr/>
      </div>
    </div>
    <div id="leftColumn">
      <div id="navcolumn">
       <h5>Project Documentation</h5>
    <ul>
     <li class="collapsed"><a href="project-info.html" title="Project Information">Project Information</a></li>
     <li class="expanded"><a href="project-reports.html" title="Project Reports">Project Reports</a>
      <ul>
       <li class="none"><strong>Surefire Report</strong></li>
      </ul></li>
    </ul>
      <a href="http://maven.apache.org/" title="Built by Maven" class="poweredBy">
        <img class="poweredBy" alt="Built by Maven" src="./images/logos/maven-feather.png" />
      </a>
      </div>
    </div>
    <div id="bodyColumn">
      <div id="contentBox">
<script type="application/javascript">
//<![CDATA[
function toggleDisplay(elementId) {
 var elm = document.getElementById(elementId + '-error');
 if (elm == null) {
  elm = document.getElementById(elementId + '-failure');
 }
 if (elm && typeof elm.style != "undefined") {
  if (elm.style.display == "none") {
   elm.style.display = "";
   document.getElementById(elementId + '-off').style.display = "none";
   document.getElementById(elementId + '-on').style.display = "inline";
  } else if (elm.style.display == "") {   elm.style.display = "none";
   document.getElementById(elementId + '-off').style.display = "inline";
   document.getElementById(elementId + '-on').style.display = "none";
  } 
 } 
 }
//]]>
</script>
<div class="section">
<h2><a name="Surefire_Report"></a>Surefire Report</h2></div>
<div class="section">
<h2><a name="Summary"></a>Summary</h2><a name="Summary"></a>
<p>[<a href="#Summary">Summary</a>] [<a href="#Package_List">Package List</a>] [<a href="#Test_Cases">Test Cases</a>]</p><br />
<table border="1" class="bodyTable">
<tr class="a">
<th>Tests</th>
<th>Errors</th>
<th>Failures</th>
<th>Skipped</th>
<th>Success Rate</th>
<th>Time</th></tr>
<tr class="b">
<td>12</td>
<td>0</td>
<td>12</td>
<td>0</td>
<td>0%</td>
<td>0.013</td></tr></table><br />
<p>Note: failures are anticipated and checked for with assertions while errors are unanticipated.</p><br /></div>
<div class="section">
<h2><a name="Package_List"></a>Package List</h2><a name="Package_List"></a>
<p>[<a href="#Summary">Summary</a>] [<a href="#Package_List">Package List</a>] [<a href="#Test_Cases">Test Cases</a>]</p><br />
<table border="1" class="bodyTable">
<tr class="a">
<th>Package</th>
<th>Tests</th>
<th>Errors</th>
<th>Failures</th>
<th>Skipped</th>
<th>Success Rate</th>
<th>Time</th></tr>
<tr class="b">
<td><a href="#hw33">hw33</a></td>
<td>12</td>
<td>0</td>
<td>12</td>
<td>0</td>
<td>0%</td>
<td>0.013</td></tr></table><br />
<p>Note: package statistics are not computed recursively, they only sum up all of its testsuites numbers.</p>
<div class="section">
<h3><a name="hw33"></a>hw33</h3><a name="hw33"></a>
<table border="1" class="bodyTable">
<tr class="a">
<th></th>
<th>Class</th>
<th>Tests</th>
<th>Errors</th>
<th>Failures</th>
<th>Skipped</th>
<th>Success Rate</th>
<th>Time</th></tr>
<tr class="b">
<td><a href="#hw33.CalculatorTest2"><img src="images/icon_warning_sml.gif" alt="" /></a></td>
<td><a href="#hw33.CalculatorTest2">CalculatorTest2</a></td>
<td>12</td>
<td>0</td>
<td>12</td>
<td>0</td>
<td>0%</td>
<td>0.013</td></tr></table></div><br /></div>
<div class="section">
<h2><a name="Test_Cases"></a>Test Cases</h2><a name="Test_Cases"></a>
<p>[<a href="#Summary">Summary</a>] [<a href="#Package_List">Package List</a>] [<a href="#Test_Cases">Test Cases</a>]</p>
<div class="section">
<h3><a name="CalculatorTest2"></a>CalculatorTest2</h3><a name="hw33.CalculatorTest2"></a>
<table border="1" class="bodyTable">
<tr class="a">
<td><a href="#hw33.CalculatorTest2.tes_01_add_2"><img src="images/icon_error_sml.gif" alt="" /></a></td>
<td><a name="TC_hw33.CalculatorTest2.tes_01_add_2"></a><a href="#hw33.CalculatorTest2.tes_01_add_2">tes_01_add_2</a>
<div class="detailToggle" style="display:inline"><a href="javascript:toggleDisplay('hw33.CalculatorTest2.tes_01_add_2');"><span style="display:inline;" id="hw33.CalculatorTest2.tes_01_add_2-off"> + </span><span style="display:none;" id="hw33.CalculatorTest2.tes_01_add_2-on"> - </span>[ Detail ]</a></div></td>
<td>0.007</td></tr>
<tr class="b">
<td></td>
<td>Not correct expected:&lt;50.0&gt; but was:&lt;350.0&gt;</td>
<td></td></tr>
<tr class="a">
<td></td>
<td>
<div id="hw33.CalculatorTest2.tes_01_add_2-failure" style="display:none;">
<div>
<pre>java.lang.AssertionError: Not correct expected:&lt;50.0&gt; but was:&lt;350.0&gt;
	at org.junit.Assert.fail(Assert.java:88)
	at org.junit.Assert.failNotEquals(Assert.java:834)
	at org.junit.Assert.assertEquals(Assert.java:553)
	at hw33.CalculatorTest2.tes_01_add_2(CalculatorTest2.java:11)
	at sun.reflect.NativeMethodAccessorImpl.invoke0(Native Method)
	at sun.reflect.NativeMethodAccessorImpl.invoke(NativeMethodAccessorImpl.java:62)
	at sun.reflect.DelegatingMethodAccessorImpl.invoke(DelegatingMethodAccessorImpl.java:43)
	at java.lang.reflect.Method.invoke(Method.java:498)
	at org.junit.runners.model.FrameworkMethod$1.runReflectiveCall(FrameworkMethod.java:50)
	at org.junit.internal.runners.model.ReflectiveCallable.run(ReflectiveCallable.java:12)
	at org.junit.runners.model.FrameworkMethod.invokeExplosively(FrameworkMethod.java:47)
	at org.junit.internal.runners.statements.InvokeMethod.evaluate(InvokeMethod.java:17)
	at org.junit.internal.runners.statements.FailOnTimeout$CallableStatement.call(FailOnTimeout.java:298)
	at org.junit.internal.runners.statements.FailOnTimeout$CallableStatement.call(FailOnTimeout.java:292)
	at java.util.concurrent.FutureTask.run(FutureTask.java:266)
	at java.lang.Thread.run(Thread.java:748)</pre></div></div></td>
<td></td></tr>
<tr class="b">
<td><a href="#hw33.CalculatorTest2.test_02_add_3"><img src="images/icon_error_sml.gif" alt="" /></a></td>
<td><a name="TC_hw33.CalculatorTest2.test_02_add_3"></a><a href="#hw33.CalculatorTest2.test_02_add_3">test_02_add_3</a>
<div class="detailToggle" style="display:inline"><a href="javascript:toggleDisplay('hw33.CalculatorTest2.test_02_add_3');"><span style="display:inline;" id="hw33.CalculatorTest2.test_02_add_3-off"> + </span><span style="display:none;" id="hw33.CalculatorTest2.test_02_add_3-on"> - </span>[ Detail ]</a></div></td>
<td>0</td></tr>
<tr class="a">
<td></td>
<td>Not correct expected:&lt;-4.0&gt; but was:&lt;20.0&gt;</td>
<td></td></tr>
<tr class="b">
<td></td>
<td>
<div id="hw33.CalculatorTest2.test_02_add_3-failure" style="display:none;">
<div>
<pre>java.lang.AssertionError: Not correct expected:&lt;-4.0&gt; but was:&lt;20.0&gt;
	at org.junit.Assert.fail(Assert.java:88)
	at org.junit.Assert.failNotEquals(Assert.java:834)
	at org.junit.Assert.assertEquals(Assert.java:553)
	at hw33.CalculatorTest2.test_02_add_3(CalculatorTest2.java:16)
	at sun.reflect.NativeMethodAccessorImpl.invoke0(Native Method)
	at sun.reflect.NativeMethodAccessorImpl.invoke(NativeMethodAccessorImpl.java:62)
	at sun.reflect.DelegatingMethodAccessorImpl.invoke(DelegatingMethodAccessorImpl.java:43)
	at java.lang.reflect.Method.invoke(Method.java:498)
	at org.junit.runners.model.FrameworkMethod$1.runReflectiveCall(FrameworkMethod.java:50)
	at org.junit.internal.runners.model.ReflectiveCallable.run(ReflectiveCallable.java:12)
	at org.junit.runners.model.FrameworkMethod.invokeExplosively(FrameworkMethod.java:47)
	at org.junit.internal.runners.statements.InvokeMethod.evaluate(InvokeMethod.java:17)
	at org.junit.internal.runners.statements.FailOnTimeout$CallableStatement.call(FailOnTimeout.java:298)
	at org.junit.internal.runners.statements.FailOnTimeout$CallableStatement.call(FailOnTimeout.java:292)
	at java.util.concurrent.FutureTask.run(FutureTask.java:266)
	at java.lang.Thread.run(Thread.java:748)</pre></div></div></td>
<td></td></tr>
<tr class="a">
<td><a href="#hw33.CalculatorTest2.test_03_add_4"><img src="images/icon_error_sml.gif" alt="" /></a></td>
<td><a name="TC_hw33.CalculatorTest2.test_03_add_4"></a><a href="#hw33.CalculatorTest2.test_03_add_4">test_03_add_4</a>
<div class="detailToggle" style="display:inline"><a href="javascript:toggleDisplay('hw33.CalculatorTest2.test_03_add_4');"><span style="display:inline;" id="hw33.CalculatorTest2.test_03_add_4-off"> + </span><span style="display:none;" id="hw33.CalculatorTest2.test_03_add_4-on"> - </span>[ Detail ]</a></div></td>
<td>0</td></tr>
<tr class="b">
<td></td>
<td>Not correct expected:&lt;100.60000000000002&gt; but was:&lt;270.0&gt;</td>
<td></td></tr>
<tr class="a">
<td></td>
<td>
<div id="hw33.CalculatorTest2.test_03_add_4-failure" style="display:none;">
<div>
<pre>java.lang.AssertionError: Not correct expected:&lt;100.60000000000002&gt; but was:&lt;270.0&gt;
	at org.junit.Assert.fail(Assert.java:88)
	at org.junit.Assert.failNotEquals(Assert.java:834)
	at org.junit.Assert.assertEquals(Assert.java:553)
	at hw33.CalculatorTest2.test_03_add_4(CalculatorTest2.java:21)
	at sun.reflect.NativeMethodAccessorImpl.invoke0(Native Method)
	at sun.reflect.NativeMethodAccessorImpl.invoke(NativeMethodAccessorImpl.java:62)
	at sun.reflect.DelegatingMethodAccessorImpl.invoke(DelegatingMethodAccessorImpl.java:43)
	at java.lang.reflect.Method.invoke(Method.java:498)
	at org.junit.runners.model.FrameworkMethod$1.runReflectiveCall(FrameworkMethod.java:50)
	at org.junit.internal.runners.model.ReflectiveCallable.run(ReflectiveCallable.java:12)
	at org.junit.runners.model.FrameworkMethod.invokeExplosively(FrameworkMethod.java:47)
	at org.junit.internal.runners.statements.InvokeMethod.evaluate(InvokeMethod.java:17)
	at org.junit.internal.runners.statements.FailOnTimeout$CallableStatement.call(FailOnTimeout.java:298)
	at org.junit.internal.runners.statements.FailOnTimeout$CallableStatement.call(FailOnTimeout.java:292)
	at java.util.concurrent.FutureTask.run(FutureTask.java:266)
	at java.lang.Thread.run(Thread.java:748)</pre></div></div></td>
<td></td></tr>
<tr class="b">
<td><a href="#hw33.CalculatorTest2.test_04_divide_2"><img src="images/icon_error_sml.gif" alt="" /></a></td>
<td><a name="TC_hw33.CalculatorTest2.test_04_divide_2"></a><a href="#hw33.CalculatorTest2.test_04_divide_2">test_04_divide_2</a>
<div class="detailToggle" style="display:inline"><a href="javascript:toggleDisplay('hw33.CalculatorTest2.test_04_divide_2');"><span style="display:inline;" id="hw33.CalculatorTest2.test_04_divide_2-off"> + </span><span style="display:none;" id="hw33.CalculatorTest2.test_04_divide_2-on"> - </span>[ Detail ]</a></div></td>
<td>0</td></tr>
<tr class="a">
<td></td>
<td>Not correct expected:&lt;2700.0&gt; but was:&lt;3.0&gt;</td>
<td></td></tr>
<tr class="b">
<td></td>
<td>
<div id="hw33.CalculatorTest2.test_04_divide_2-failure" style="display:none;">
<div>
<pre>java.lang.AssertionError: Not correct expected:&lt;2700.0&gt; but was:&lt;3.0&gt;
	at org.junit.Assert.fail(Assert.java:88)
	at org.junit.Assert.failNotEquals(Assert.java:834)
	at org.junit.Assert.assertEquals(Assert.java:553)
	at hw33.CalculatorTest2.test_04_divide_2(CalculatorTest2.java:26)
	at sun.reflect.NativeMethodAccessorImpl.invoke0(Native Method)
	at sun.reflect.NativeMethodAccessorImpl.invoke(NativeMethodAccessorImpl.java:62)
	at sun.reflect.DelegatingMethodAccessorImpl.invoke(DelegatingMethodAccessorImpl.java:43)
	at java.lang.reflect.Method.invoke(Method.java:498)
	at org.junit.runners.model.FrameworkMethod$1.runReflectiveCall(FrameworkMethod.java:50)
	at org.junit.internal.runners.model.ReflectiveCallable.run(ReflectiveCallable.java:12)
	at org.junit.runners.model.FrameworkMethod.invokeExplosively(FrameworkMethod.java:47)
	at org.junit.internal.runners.statements.InvokeMethod.evaluate(InvokeMethod.java:17)
	at org.junit.internal.runners.statements.FailOnTimeout$CallableStatement.call(FailOnTimeout.java:298)
	at org.junit.internal.runners.statements.FailOnTimeout$CallableStatement.call(FailOnTimeout.java:292)
	at java.util.concurrent.FutureTask.run(FutureTask.java:266)
	at java.lang.Thread.run(Thread.java:748)</pre></div></div></td>
<td></td></tr>
<tr class="a">
<td><a href="#hw33.CalculatorTest2.test_05_divide_3"><img src="images/icon_error_sml.gif" alt="" /></a></td>
<td><a name="TC_hw33.CalculatorTest2.test_05_divide_3"></a><a href="#hw33.CalculatorTest2.test_05_divide_3">test_05_divide_3</a>
<div class="detailToggle" style="display:inline"><a href="javascript:toggleDisplay('hw33.CalculatorTest2.test_05_divide_3');"><span style="display:inline;" id="hw33.CalculatorTest2.test_05_divide_3-off"> + </span><span style="display:none;" id="hw33.CalculatorTest2.test_05_divide_3-on"> - </span>[ Detail ]</a></div></td>
<td>0.001</td></tr>
<tr class="b">
<td></td>
<td>Not correct expected:&lt;640.0&gt; but was:&lt;2.5&gt;</td>
<td></td></tr>
<tr class="a">
<td></td>
<td>
<div id="hw33.CalculatorTest2.test_05_divide_3-failure" style="display:none;">
<div>
<pre>java.lang.AssertionError: Not correct expected:&lt;640.0&gt; but was:&lt;2.5&gt;
	at org.junit.Assert.fail(Assert.java:88)
	at org.junit.Assert.failNotEquals(Assert.java:834)
	at org.junit.Assert.assertEquals(Assert.java:553)
	at hw33.CalculatorTest2.test_05_divide_3(CalculatorTest2.java:31)
	at sun.reflect.NativeMethodAccessorImpl.invoke0(Native Method)
	at sun.reflect.NativeMethodAccessorImpl.invoke(NativeMethodAccessorImpl.java:62)
	at sun.reflect.DelegatingMethodAccessorImpl.invoke(DelegatingMethodAccessorImpl.java:43)
	at java.lang.reflect.Method.invoke(Method.java:498)
	at org.junit.runners.model.FrameworkMethod$1.runReflectiveCall(FrameworkMethod.java:50)
	at org.junit.internal.runners.model.ReflectiveCallable.run(ReflectiveCallable.java:12)
	at org.junit.runners.model.FrameworkMethod.invokeExplosively(FrameworkMethod.java:47)
	at org.junit.internal.runners.statements.InvokeMethod.evaluate(InvokeMethod.java:17)
	at org.junit.internal.runners.statements.FailOnTimeout$CallableStatement.call(FailOnTimeout.java:298)
	at org.junit.internal.runners.statements.FailOnTimeout$CallableStatement.call(FailOnTimeout.java:292)
	at java.util.concurrent.FutureTask.run(FutureTask.java:266)
	at java.lang.Thread.run(Thread.java:748)</pre></div></div></td>
<td></td></tr>
<tr class="b">
<td><a href="#hw33.CalculatorTest2.test_06_divide_4"><img src="images/icon_error_sml.gif" alt="" /></a></td>
<td><a name="TC_hw33.CalculatorTest2.test_06_divide_4"></a><a href="#hw33.CalculatorTest2.test_06_divide_4">test_06_divide_4</a>
<div class="detailToggle" style="display:inline"><a href="javascript:toggleDisplay('hw33.CalculatorTest2.test_06_divide_4');"><span style="display:inline;" id="hw33.CalculatorTest2.test_06_divide_4-off"> + </span><span style="display:none;" id="hw33.CalculatorTest2.test_06_divide_4-on"> - </span>[ Detail ]</a></div></td>
<td>0.001</td></tr>
<tr class="a">
<td></td>
<td>Not correct expected:&lt;240000.0&gt; but was:&lt;1.5&gt;</td>
<td></td></tr>
<tr class="b">
<td></td>
<td>
<div id="hw33.CalculatorTest2.test_06_divide_4-failure" style="display:none;">
<div>
<pre>java.lang.AssertionError: Not correct expected:&lt;240000.0&gt; but was:&lt;1.5&gt;
	at org.junit.Assert.fail(Assert.java:88)
	at org.junit.Assert.failNotEquals(Assert.java:834)
	at org.junit.Assert.assertEquals(Assert.java:553)
	at hw33.CalculatorTest2.test_06_divide_4(CalculatorTest2.java:36)
	at sun.reflect.NativeMethodAccessorImpl.invoke0(Native Method)
	at sun.reflect.NativeMethodAccessorImpl.invoke(NativeMethodAccessorImpl.java:62)
	at sun.reflect.DelegatingMethodAccessorImpl.invoke(DelegatingMethodAccessorImpl.java:43)
	at java.lang.reflect.Method.invoke(Method.java:498)
	at org.junit.runners.model.FrameworkMethod$1.runReflectiveCall(FrameworkMethod.java:50)
	at org.junit.internal.runners.model.ReflectiveCallable.run(ReflectiveCallable.java:12)
	at org.junit.runners.model.FrameworkMethod.invokeExplosively(FrameworkMethod.java:47)
	at org.junit.internal.runners.statements.InvokeMethod.evaluate(InvokeMethod.java:17)
	at org.junit.internal.runners.statements.FailOnTimeout$CallableStatement.call(FailOnTimeout.java:298)
	at org.junit.internal.runners.statements.FailOnTimeout$CallableStatement.call(FailOnTimeout.java:292)
	at java.util.concurrent.FutureTask.run(FutureTask.java:266)
	at java.lang.Thread.run(Thread.java:748)</pre></div></div></td>
<td></td></tr>
<tr class="a">
<td><a href="#hw33.CalculatorTest2.test_07__2"><img src="images/icon_error_sml.gif" alt="" /></a></td>
<td><a name="TC_hw33.CalculatorTest2.test_07__2"></a><a href="#hw33.CalculatorTest2.test_07__2">test_07__2</a>
<div class="detailToggle" style="display:inline"><a href="javascript:toggleDisplay('hw33.CalculatorTest2.test_07__2');"><span style="display:inline;" id="hw33.CalculatorTest2.test_07__2-off"> + </span><span style="display:none;" id="hw33.CalculatorTest2.test_07__2-on"> - </span>[ Detail ]</a></div></td>
<td>0</td></tr>
<tr class="b">
<td></td>
<td>Not correct expected:&lt;1.8&gt; but was:&lt;45.0&gt;</td>
<td></td></tr>
<tr class="a">
<td></td>
<td>
<div id="hw33.CalculatorTest2.test_07__2-failure" style="display:none;">
<div>
<pre>java.lang.AssertionError: Not correct expected:&lt;1.8&gt; but was:&lt;45.0&gt;
	at org.junit.Assert.fail(Assert.java:88)
	at org.junit.Assert.failNotEquals(Assert.java:834)
	at org.junit.Assert.assertEquals(Assert.java:553)
	at hw33.CalculatorTest2.test_07__2(CalculatorTest2.java:41)
	at sun.reflect.NativeMethodAccessorImpl.invoke0(Native Method)
	at sun.reflect.NativeMethodAccessorImpl.invoke(NativeMethodAccessorImpl.java:62)
	at sun.reflect.DelegatingMethodAccessorImpl.invoke(DelegatingMethodAccessorImpl.java:43)
	at java.lang.reflect.Method.invoke(Method.java:498)
	at org.junit.runners.model.FrameworkMethod$1.runReflectiveCall(FrameworkMethod.java:50)
	at org.junit.internal.runners.model.ReflectiveCallable.run(ReflectiveCallable.java:12)
	at org.junit.runners.model.FrameworkMethod.invokeExplosively(FrameworkMethod.java:47)
	at org.junit.internal.runners.statements.InvokeMethod.evaluate(InvokeMethod.java:17)
	at org.junit.internal.runners.statements.FailOnTimeout$CallableStatement.call(FailOnTimeout.java:298)
	at org.junit.internal.runners.statements.FailOnTimeout$CallableStatement.call(FailOnTimeout.java:292)
	at java.util.concurrent.FutureTask.run(FutureTask.java:266)
	at java.lang.Thread.run(Thread.java:748)</pre></div></div></td>
<td></td></tr>
<tr class="b">
<td><a href="#hw33.CalculatorTest2.test_08_multiply_3"><img src="images/icon_error_sml.gif" alt="" /></a></td>
<td><a name="TC_hw33.CalculatorTest2.test_08_multiply_3"></a><a href="#hw33.CalculatorTest2.test_08_multiply_3">test_08_multiply_3</a>
<div class="detailToggle" style="display:inline"><a href="javascript:toggleDisplay('hw33.CalculatorTest2.test_08_multiply_3');"><span style="display:inline;" id="hw33.CalculatorTest2.test_08_multiply_3-off"> + </span><span style="display:none;" id="hw33.CalculatorTest2.test_08_multiply_3-on"> - </span>[ Detail ]</a></div></td>
<td>0.001</td></tr>
<tr class="a">
<td></td>
<td>Not correct expected:&lt;0.5&gt; but was:&lt;800.0&gt;</td>
<td></td></tr>
<tr class="b">
<td></td>
<td>
<div id="hw33.CalculatorTest2.test_08_multiply_3-failure" style="display:none;">
<div>
<pre>java.lang.AssertionError: Not correct expected:&lt;0.5&gt; but was:&lt;800.0&gt;
	at org.junit.Assert.fail(Assert.java:88)
	at org.junit.Assert.failNotEquals(Assert.java:834)
	at org.junit.Assert.assertEquals(Assert.java:553)
	at hw33.CalculatorTest2.test_08_multiply_3(CalculatorTest2.java:46)
	at sun.reflect.NativeMethodAccessorImpl.invoke0(Native Method)
	at sun.reflect.NativeMethodAccessorImpl.invoke(NativeMethodAccessorImpl.java:62)
	at sun.reflect.DelegatingMethodAccessorImpl.invoke(DelegatingMethodAccessorImpl.java:43)
	at java.lang.reflect.Method.invoke(Method.java:498)
	at org.junit.runners.model.FrameworkMethod$1.runReflectiveCall(FrameworkMethod.java:50)
	at org.junit.internal.runners.model.ReflectiveCallable.run(ReflectiveCallable.java:12)
	at org.junit.runners.model.FrameworkMethod.invokeExplosively(FrameworkMethod.java:47)
	at org.junit.internal.runners.statements.InvokeMethod.evaluate(InvokeMethod.java:17)
	at org.junit.internal.runners.statements.FailOnTimeout$CallableStatement.call(FailOnTimeout.java:298)
	at org.junit.internal.runners.statements.FailOnTimeout$CallableStatement.call(FailOnTimeout.java:292)
	at java.util.concurrent.FutureTask.run(FutureTask.java:266)
	at java.lang.Thread.run(Thread.java:748)</pre></div></div></td>
<td></td></tr>
<tr class="a">
<td><a href="#hw33.CalculatorTest2.test_09_multiply_4"><img src="images/icon_error_sml.gif" alt="" /></a></td>
<td><a name="TC_hw33.CalculatorTest2.test_09_multiply_4"></a><a href="#hw33.CalculatorTest2.test_09_multiply_4">test_09_multiply_4</a>
<div class="detailToggle" style="display:inline"><a href="javascript:toggleDisplay('hw33.CalculatorTest2.test_09_multiply_4');"><span style="display:inline;" id="hw33.CalculatorTest2.test_09_multiply_4-off"> + </span><span style="display:none;" id="hw33.CalculatorTest2.test_09_multiply_4-on"> - </span>[ Detail ]</a></div></td>
<td>0.001</td></tr>
<tr class="b">
<td></td>
<td>Not correct expected:&lt;0.12&gt; but was:&lt;4800.0&gt;</td>
<td></td></tr>
<tr class="a">
<td></td>
<td>
<div id="hw33.CalculatorTest2.test_09_multiply_4-failure" style="display:none;">
<div>
<pre>java.lang.AssertionError: Not correct expected:&lt;0.12&gt; but was:&lt;4800.0&gt;
	at org.junit.Assert.fail(Assert.java:88)
	at org.junit.Assert.failNotEquals(Assert.java:834)
	at org.junit.Assert.assertEquals(Assert.java:553)
	at hw33.CalculatorTest2.test_09_multiply_4(CalculatorTest2.java:51)
	at sun.reflect.NativeMethodAccessorImpl.invoke0(Native Method)
	at sun.reflect.NativeMethodAccessorImpl.invoke(NativeMethodAccessorImpl.java:62)
	at sun.reflect.DelegatingMethodAccessorImpl.invoke(DelegatingMethodAccessorImpl.java:43)
	at java.lang.reflect.Method.invoke(Method.java:498)
	at org.junit.runners.model.FrameworkMethod$1.runReflectiveCall(FrameworkMethod.java:50)
	at org.junit.internal.runners.model.ReflectiveCallable.run(ReflectiveCallable.java:12)
	at org.junit.runners.model.FrameworkMethod.invokeExplosively(FrameworkMethod.java:47)
	at org.junit.internal.runners.statements.InvokeMethod.evaluate(InvokeMethod.java:17)
	at org.junit.internal.runners.statements.FailOnTimeout$CallableStatement.call(FailOnTimeout.java:298)
	at org.junit.internal.runners.statements.FailOnTimeout$CallableStatement.call(FailOnTimeout.java:292)
	at java.util.concurrent.FutureTask.run(FutureTask.java:266)
	at java.lang.Thread.run(Thread.java:748)</pre></div></div></td>
<td></td></tr>
<tr class="b">
<td><a href="#hw33.CalculatorTest2.test_10_subtract_2"><img src="images/icon_error_sml.gif" alt="" /></a></td>
<td><a name="TC_hw33.CalculatorTest2.test_10_subtract_2"></a><a href="#hw33.CalculatorTest2.test_10_subtract_2">test_10_subtract_2</a>
<div class="detailToggle" style="display:inline"><a href="javascript:toggleDisplay('hw33.CalculatorTest2.test_10_subtract_2');"><span style="display:inline;" id="hw33.CalculatorTest2.test_10_subtract_2-off"> + </span><span style="display:none;" id="hw33.CalculatorTest2.test_10_subtract_2-on"> - </span>[ Detail ]</a></div></td>
<td>0.001</td></tr>
<tr class="a">
<td></td>
<td>Not correct expected:&lt;42.0&gt; but was:&lt;14.0&gt;</td>
<td></td></tr>
<tr class="b">
<td></td>
<td>
<div id="hw33.CalculatorTest2.test_10_subtract_2-failure" style="display:none;">
<div>
<pre>java.lang.AssertionError: Not correct expected:&lt;42.0&gt; but was:&lt;14.0&gt;
	at org.junit.Assert.fail(Assert.java:88)
	at org.junit.Assert.failNotEquals(Assert.java:834)
	at org.junit.Assert.assertEquals(Assert.java:553)
	at hw33.CalculatorTest2.test_10_subtract_2(CalculatorTest2.java:56)
	at sun.reflect.NativeMethodAccessorImpl.invoke0(Native Method)
	at sun.reflect.NativeMethodAccessorImpl.invoke(NativeMethodAccessorImpl.java:62)
	at sun.reflect.DelegatingMethodAccessorImpl.invoke(DelegatingMethodAccessorImpl.java:43)
	at java.lang.reflect.Method.invoke(Method.java:498)
	at org.junit.runners.model.FrameworkMethod$1.runReflectiveCall(FrameworkMethod.java:50)
	at org.junit.internal.runners.model.ReflectiveCallable.run(ReflectiveCallable.java:12)
	at org.junit.runners.model.FrameworkMethod.invokeExplosively(FrameworkMethod.java:47)
	at org.junit.internal.runners.statements.InvokeMethod.evaluate(InvokeMethod.java:17)
	at org.junit.internal.runners.statements.FailOnTimeout$CallableStatement.call(FailOnTimeout.java:298)
	at org.junit.internal.runners.statements.FailOnTimeout$CallableStatement.call(FailOnTimeout.java:292)
	at java.util.concurrent.FutureTask.run(FutureTask.java:266)
	at java.lang.Thread.run(Thread.java:748)</pre></div></div></td>
<td></td></tr>
<tr class="a">
<td><a href="#hw33.CalculatorTest2.test_11_subtract_3"><img src="images/icon_error_sml.gif" alt="" /></a></td>
<td><a name="TC_hw33.CalculatorTest2.test_11_subtract_3"></a><a href="#hw33.CalculatorTest2.test_11_subtract_3">test_11_subtract_3</a>
<div class="detailToggle" style="display:inline"><a href="javascript:toggleDisplay('hw33.CalculatorTest2.test_11_subtract_3');"><span style="display:inline;" id="hw33.CalculatorTest2.test_11_subtract_3-off"> + </span><span style="display:none;" id="hw33.CalculatorTest2.test_11_subtract_3-on"> - </span>[ Detail ]</a></div></td>
<td>0</td></tr>
<tr class="b">
<td></td>
<td>Not correct expected:&lt;360.0&gt; but was:&lt;80.0&gt;</td>
<td></td></tr>
<tr class="a">
<td></td>
<td>
<div id="hw33.CalculatorTest2.test_11_subtract_3-failure" style="display:none;">
<div>
<pre>java.lang.AssertionError: Not correct expected:&lt;360.0&gt; but was:&lt;80.0&gt;
	at org.junit.Assert.fail(Assert.java:88)
	at org.junit.Assert.failNotEquals(Assert.java:834)
	at org.junit.Assert.assertEquals(Assert.java:553)
	at hw33.CalculatorTest2.test_11_subtract_3(CalculatorTest2.java:61)
	at sun.reflect.NativeMethodAccessorImpl.invoke0(Native Method)
	at sun.reflect.NativeMethodAccessorImpl.invoke(NativeMethodAccessorImpl.java:62)
	at sun.reflect.DelegatingMethodAccessorImpl.invoke(DelegatingMethodAccessorImpl.java:43)
	at java.lang.reflect.Method.invoke(Method.java:498)
	at org.junit.runners.model.FrameworkMethod$1.runReflectiveCall(FrameworkMethod.java:50)
	at org.junit.internal.runners.model.ReflectiveCallable.run(ReflectiveCallable.java:12)
	at org.junit.runners.model.FrameworkMethod.invokeExplosively(FrameworkMethod.java:47)
	at org.junit.internal.runners.statements.InvokeMethod.evaluate(InvokeMethod.java:17)
	at org.junit.internal.runners.statements.FailOnTimeout$CallableStatement.call(FailOnTimeout.java:298)
	at org.junit.internal.runners.statements.FailOnTimeout$CallableStatement.call(FailOnTimeout.java:292)
	at java.util.concurrent.FutureTask.run(FutureTask.java:266)
	at java.lang.Thread.run(Thread.java:748)</pre></div></div></td>
<td></td></tr>
<tr class="b">
<td><a href="#hw33.CalculatorTest2.test_12_subtract_4"><img src="images/icon_error_sml.gif" alt="" /></a></td>
<td><a name="TC_hw33.CalculatorTest2.test_12_subtract_4"></a><a href="#hw33.CalculatorTest2.test_12_subtract_4">test_12_subtract_4</a>
<div class="detailToggle" style="display:inline"><a href="javascript:toggleDisplay('hw33.CalculatorTest2.test_12_subtract_4');"><span style="display:inline;" id="hw33.CalculatorTest2.test_12_subtract_4-off"> + </span><span style="display:none;" id="hw33.CalculatorTest2.test_12_subtract_4-on"> - </span>[ Detail ]</a></div></td>
<td>0.001</td></tr>
<tr class="a">
<td></td>
<td>Not correct expected:&lt;645.0&gt; but was:&lt;155.0&gt;</td>
<td></td></tr>
<tr class="b">
<td></td>
<td>
<div id="hw33.CalculatorTest2.test_12_subtract_4-failure" style="display:none;">
<div>
<pre>java.lang.AssertionError: Not correct expected:&lt;645.0&gt; but was:&lt;155.0&gt;
	at org.junit.Assert.fail(Assert.java:88)
	at org.junit.Assert.failNotEquals(Assert.java:834)
	at org.junit.Assert.assertEquals(Assert.java:553)
	at hw33.CalculatorTest2.test_12_subtract_4(CalculatorTest2.java:66)
	at sun.reflect.NativeMethodAccessorImpl.invoke0(Native Method)
	at sun.reflect.NativeMethodAccessorImpl.invoke(NativeMethodAccessorImpl.java:62)
	at sun.reflect.DelegatingMethodAccessorImpl.invoke(DelegatingMethodAccessorImpl.java:43)
	at java.lang.reflect.Method.invoke(Method.java:498)
	at org.junit.runners.model.FrameworkMethod$1.runReflectiveCall(FrameworkMethod.java:50)
	at org.junit.internal.runners.model.ReflectiveCallable.run(ReflectiveCallable.java:12)
	at org.junit.runners.model.FrameworkMethod.invokeExplosively(FrameworkMethod.java:47)
	at org.junit.internal.runners.statements.InvokeMethod.evaluate(InvokeMethod.java:17)
	at org.junit.internal.runners.statements.FailOnTimeout$CallableStatement.call(FailOnTimeout.java:298)
	at org.junit.internal.runners.statements.FailOnTimeout$CallableStatement.call(FailOnTimeout.java:292)
	at java.util.concurrent.FutureTask.run(FutureTask.java:266)
	at java.lang.Thread.run(Thread.java:748)</pre></div></div></td>
<td></td></tr></table></div><br /></div>
<div class="section">
<h2><a name="Failure_Details"></a>Failure Details</h2><a name="Failure_Details"></a>
<p>[<a href="#Summary">Summary</a>] [<a href="#Package_List">Package List</a>] [<a href="#Test_Cases">Test Cases</a>]</p><br />
<table border="1" class="bodyTable">
<tr class="a">
<td><img src="images/icon_error_sml.gif" alt="" /></td>
<td><a name="hw33.CalculatorTest2.tes_01_add_2"></a>tes_01_add_2</td></tr>
<tr class="b">
<td></td>
<td>java.lang.AssertionError: Not correct expected:&lt;50.0&gt; but was:&lt;350.0&gt;</td></tr>
<tr class="a">
<td></td>
<td>
<div id="tes_01_add_2-failure">hw33.CalculatorTest2:11</div></td></tr>
<tr class="b">
<td><img src="images/icon_error_sml.gif" alt="" /></td>
<td><a name="hw33.CalculatorTest2.test_02_add_3"></a>test_02_add_3</td></tr>
<tr class="a">
<td></td>
<td>java.lang.AssertionError: Not correct expected:&lt;-4.0&gt; but was:&lt;20.0&gt;</td></tr>
<tr class="b">
<td></td>
<td>
<div id="test_02_add_3-failure">hw33.CalculatorTest2:16</div></td></tr>
<tr class="a">
<td><img src="images/icon_error_sml.gif" alt="" /></td>
<td><a name="hw33.CalculatorTest2.test_03_add_4"></a>test_03_add_4</td></tr>
<tr class="b">
<td></td>
<td>java.lang.AssertionError: Not correct expected:&lt;100.60000000000002&gt; but was:&lt;270.0&gt;</td></tr>
<tr class="a">
<td></td>
<td>
<div id="test_03_add_4-failure">hw33.CalculatorTest2:21</div></td></tr>
<tr class="b">
<td><img src="images/icon_error_sml.gif" alt="" /></td>
<td><a name="hw33.CalculatorTest2.test_04_divide_2"></a>test_04_divide_2</td></tr>
<tr class="a">
<td></td>
<td>java.lang.AssertionError: Not correct expected:&lt;2700.0&gt; but was:&lt;3.0&gt;</td></tr>
<tr class="b">
<td></td>
<td>
<div id="test_04_divide_2-failure">hw33.CalculatorTest2:26</div></td></tr>
<tr class="a">
<td><img src="images/icon_error_sml.gif" alt="" /></td>
<td><a name="hw33.CalculatorTest2.test_05_divide_3"></a>test_05_divide_3</td></tr>
<tr class="b">
<td></td>
<td>java.lang.AssertionError: Not correct expected:&lt;640.0&gt; but was:&lt;2.5&gt;</td></tr>
<tr class="a">
<td></td>
<td>
<div id="test_05_divide_3-failure">hw33.CalculatorTest2:31</div></td></tr>
<tr class="b">
<td><img src="images/icon_error_sml.gif" alt="" /></td>
<td><a name="hw33.CalculatorTest2.test_06_divide_4"></a>test_06_divide_4</td></tr>
<tr class="a">
<td></td>
<td>java.lang.AssertionError: Not correct expected:&lt;240000.0&gt; but was:&lt;1.5&gt;</td></tr>
<tr class="b">
<td></td>
<td>
<div id="test_06_divide_4-failure">hw33.CalculatorTest2:36</div></td></tr>
<tr class="a">
<td><img src="images/icon_error_sml.gif" alt="" /></td>
<td><a name="hw33.CalculatorTest2.test_07__2"></a>test_07__2</td></tr>
<tr class="b">
<td></td>
<td>java.lang.AssertionError: Not correct expected:&lt;1.8&gt; but was:&lt;45.0&gt;</td></tr>
<tr class="a">
<td></td>
<td>
<div id="test_07__2-failure">hw33.CalculatorTest2:41</div></td></tr>
<tr class="b">
<td><img src="images/icon_error_sml.gif" alt="" /></td>
<td><a name="hw33.CalculatorTest2.test_08_multiply_3"></a>test_08_multiply_3</td></tr>
<tr class="a">
<td></td>
<td>java.lang.AssertionError: Not correct expected:&lt;0.5&gt; but was:&lt;800.0&gt;</td></tr>
<tr class="b">
<td></td>
<td>
<div id="test_08_multiply_3-failure">hw33.CalculatorTest2:46</div></td></tr>
<tr class="a">
<td><img src="images/icon_error_sml.gif" alt="" /></td>
<td><a name="hw33.CalculatorTest2.test_09_multiply_4"></a>test_09_multiply_4</td></tr>
<tr class="b">
<td></td>
<td>java.lang.AssertionError: Not correct expected:&lt;0.12&gt; but was:&lt;4800.0&gt;</td></tr>
<tr class="a">
<td></td>
<td>
<div id="test_09_multiply_4-failure">hw33.CalculatorTest2:51</div></td></tr>
<tr class="b">
<td><img src="images/icon_error_sml.gif" alt="" /></td>
<td><a name="hw33.CalculatorTest2.test_10_subtract_2"></a>test_10_subtract_2</td></tr>
<tr class="a">
<td></td>
<td>java.lang.AssertionError: Not correct expected:&lt;42.0&gt; but was:&lt;14.0&gt;</td></tr>
<tr class="b">
<td></td>
<td>
<div id="test_10_subtract_2-failure">hw33.CalculatorTest2:56</div></td></tr>
<tr class="a">
<td><img src="images/icon_error_sml.gif" alt="" /></td>
<td><a name="hw33.CalculatorTest2.test_11_subtract_3"></a>test_11_subtract_3</td></tr>
<tr class="b">
<td></td>
<td>java.lang.AssertionError: Not correct expected:&lt;360.0&gt; but was:&lt;80.0&gt;</td></tr>
<tr class="a">
<td></td>
<td>
<div id="test_11_subtract_3-failure">hw33.CalculatorTest2:61</div></td></tr>
<tr class="b">
<td><img src="images/icon_error_sml.gif" alt="" /></td>
<td><a name="hw33.CalculatorTest2.test_12_subtract_4"></a>test_12_subtract_4</td></tr>
<tr class="a">
<td></td>
<td>java.lang.AssertionError: Not correct expected:&lt;645.0&gt; but was:&lt;155.0&gt;</td></tr>
<tr class="b">
<td></td>
<td>
<div id="test_12_subtract_4-failure">hw33.CalculatorTest2:66</div></td></tr></table><br /></div>
      </div>
    </div>
    <div class="clear">
      <hr/>
    </div>
    <div id="footer">
      <div class="xright">
        Copyright &#169;      2019.All rights reserved.      </div>
      <div class="clear">
        <hr/>
      </div>
    </div>
  </body>
</html>
